<?xml version="1.0" encoding="UTF-8"?>
<!-- Generated by org.testng.reporters.JUnitReportReporter -->
<testsuite hostname="DESKTOP-1QASA0A" failures="0" tests="4" name="com.guru.qa.testcases.LoginPageTest" time="104.415" errors="0" timestamp="2020-04-27T19:06:59 IST" skipped="0">
  <testcase classname="com.guru.qa.testcases.LoginPageTest" name="loginPageTitleTest" time="29.987"/>
  <system-out/>
  <testcase classname="com.guru.qa.testcases.LoginPageTest" name="loginPageLogoTest" time="24.733"/>
  <system-out/>
  <testcase classname="com.guru.qa.testcases.LoginPageTest" name="loginPageLabelTest" time="22.662"/>
  <system-out/>
  <testcase classname="com.guru.qa.testcases.LoginPageTest" name="loginTest" time="27.033"/>
  <system-out/>
</testsuite> <!-- com.guru.qa.testcases.LoginPageTest -->
