<?xml version="1.0" encoding="UTF-8"?>
<!-- Generated by org.testng.reporters.JUnitReportReporter -->
<testsuite hostname="DESKTOP-1QASA0A" failures="0" tests="4" name="com.guru.qa.testcases.LoginPageTest" time="91.683" errors="0" timestamp="2020-04-28T16:22:58 IST" skipped="0">
  <testcase classname="com.guru.qa.testcases.LoginPageTest" name="loginPageTitleTest" time="22.802"/>
  <system-out/>
  <testcase classname="com.guru.qa.testcases.LoginPageTest" name="loginPageLogoTest" time="23.760"/>
  <system-out/>
  <testcase classname="com.guru.qa.testcases.LoginPageTest" name="loginPageLabelTest" time="21.038"/>
  <system-out/>
  <testcase classname="com.guru.qa.testcases.LoginPageTest" name="loginTest" time="24.083"/>
  <system-out/>
</testsuite> <!-- com.guru.qa.testcases.LoginPageTest -->
