<?xml version="1.0" encoding="UTF-8"?>
<!-- Generated by org.testng.reporters.JUnitReportReporter -->
<testsuite hostname="DESKTOP-1QASA0A" failures="0" tests="1" name="com.guru.qa.testcases.CommonFunctionUsageTest" time="23.700" errors="0" timestamp="20 Aug 2020 14:38:25 GMT" skipped="0">
  <testcase classname="com.guru.qa.testcases.CommonFunctionUsageTest" name="verifyAutoCompleteTest" time="23.700"/>
</testsuite> <!-- com.guru.qa.testcases.CommonFunctionUsageTest -->
