<?xml version="1.0" encoding="UTF-8"?>
<!-- Generated by org.testng.reporters.JUnitReportReporter -->
<testsuite hostname="DESKTOP-1QASA0A" failures="0" tests="1" name="com.guru.qa.testcases.CommonFunctionUsageTest" time="24.251" errors="0" timestamp="26 Aug 2020 11:32:47 GMT" skipped="0">
  <testcase classname="com.guru.qa.testcases.CommonFunctionUsageTest" name="validateAutoCompleteDataFromExcel" time="24.251"/>
</testsuite> <!-- com.guru.qa.testcases.CommonFunctionUsageTest -->
