<?xml version="1.0" encoding="UTF-8"?>
<!-- Generated by org.testng.reporters.JUnitReportReporter -->
<testsuite hostname="DESKTOP-1QASA0A" failures="0" tests="4" name="com.guru.qa.testcases.DepositPageTest" time="157.615" errors="0" timestamp="2020-04-27T16:35:46 IST" skipped="0">
  <testcase classname="com.guru.qa.testcases.DepositPageTest" name="validateDepositTestData" time="43.719"/>
  <system-out/>
  <testcase classname="com.guru.qa.testcases.DepositPageTest" name="validateDepositTestData" time="39.308"/>
  <system-out/>
  <testcase classname="com.guru.qa.testcases.DepositPageTest" name="validateDepositTestData" time="34.649"/>
  <system-out/>
  <testcase classname="com.guru.qa.testcases.DepositPageTest" name="validateDepositTestData" time="39.939"/>
  <system-out/>
</testsuite> <!-- com.guru.qa.testcases.DepositPageTest -->
