<?xml version="1.0" encoding="UTF-8"?>
<!-- Generated by org.testng.reporters.JUnitReportReporter -->
<testsuite hostname="DESKTOP-1QASA0A" failures="0" tests="2" name="com.guru.qa.testcases.CommonFunctionUsageTest" time="47.434" errors="0" timestamp="31 Aug 2020 08:27:20 GMT" skipped="0">
  <testcase classname="com.guru.qa.testcases.CommonFunctionUsageTest" name="validateAutoCompleteDataFromExcel" time="22.903"/>
  <testcase classname="com.guru.qa.testcases.CommonFunctionUsageTest" name="validateAutoCompleteDataFromExcel" time="24.531"/>
</testsuite> <!-- com.guru.qa.testcases.CommonFunctionUsageTest -->
