<?xml version="1.0" encoding="UTF-8"?>
<!-- Generated by org.testng.reporters.JUnitReportReporter -->
<testsuite hostname="DESKTOP-1QASA0A" failures="0" tests="2" name="com.guru.qa.testcases.CommonFunctionUsageTest" time="46.545" errors="0" timestamp="28 Aug 2020 13:52:42 GMT" skipped="0">
  <testcase classname="com.guru.qa.testcases.CommonFunctionUsageTest" name="validateAutoCompleteDataFromExcel" time="23.173"/>
  <testcase classname="com.guru.qa.testcases.CommonFunctionUsageTest" name="validateAutoCompleteDataFromExcel" time="23.372"/>
</testsuite> <!-- com.guru.qa.testcases.CommonFunctionUsageTest -->
