<?xml version="1.0" encoding="UTF-8"?>
<!-- Generated by org.testng.reporters.JUnitReportReporter -->
<testsuite hostname="DESKTOP-1QASA0A" failures="0" tests="12" name="com.guru.qa.testcases.HomePageTest" time="5.442" errors="1" timestamp="2020-04-28T16:22:58 IST" skipped="0">
  <testcase classname="com.guru.qa.testcases.HomePageTest" name="validateSeleniumBtnTest" time="0.205"/>
  <system-out/>
  <testcase classname="com.guru.qa.testcases.HomePageTest" name="validateInsPrjBtnTest" time="0.184"/>
  <system-out/>
  <testcase classname="com.guru.qa.testcases.HomePageTest" name="validateAgilePrjBtnTest" time="0.163"/>
  <system-out/>
  <testcase classname="com.guru.qa.testcases.HomePageTest" name="validateBankPrjBtnTest" time="0.129"/>
  <system-out/>
  <testcase classname="com.guru.qa.testcases.HomePageTest" name="validateSecPrjBtnTest" time="0.135"/>
  <system-out/>
  <testcase classname="com.guru.qa.testcases.HomePageTest" name="validateTcomPrjBtnTest" time="0.113"/>
  <system-out/>
  <testcase classname="com.guru.qa.testcases.HomePageTest" name="validatePayGatPrjBtnTest" time="0.159"/>
  <system-out/>
  <testcase classname="com.guru.qa.testcases.HomePageTest" name="validateNewToursPrjBtnTest" time="0.117"/>
  <system-out/>
  <testcase classname="com.guru.qa.testcases.HomePageTest" name="validateSEOBtnTest" time="0.135"/>
  <system-out/>
  <testcase classname="com.guru.qa.testcases.HomePageTest" name="clickOnNewCustomerLinkTest" time="2.383"/>
  <system-out/>
  <testcase classname="com.guru.qa.testcases.HomePageTest" name="clickOnNewAccountPageTest" time="1.379"/>
  <system-out/>
  <testcase classname="com.guru.qa.testcases.HomePageTest" name="clickOnDepositPageTest" time="0.340">
    <error message="Session ID is null. Using WebDriver after calling quit()?
Build info: version: &#039;3.141.59&#039;, revision: &#039;e82be7d358&#039;, time: &#039;2018-11-14T08:17:03&#039;
System info: host: &#039;DESKTOP-1QASA0A&#039;, ip: &#039;192.168.1.129&#039;, os.name: &#039;Windows 10&#039;, os.arch: &#039;amd64&#039;, os.version: &#039;10.0&#039;, java.version: &#039;14&#039;
Driver info: driver.version: RemoteWebDriver" type="org.openqa.selenium.NoSuchSessionException">
      <![CDATA[org.openqa.selenium.NoSuchSessionException: Session ID is null. Using WebDriver after calling quit()?
Build info: version: '3.141.59', revision: 'e82be7d358', time: '2018-11-14T08:17:03'
System info: host: 'DESKTOP-1QASA0A', ip: '192.168.1.129', os.name: 'Windows 10', os.arch: 'amd64', os.version: '10.0', java.version: '14'
Driver info: driver.version: RemoteWebDriver
at org.openqa.selenium.remote.HttpCommandExecutor.execute(HttpCommandExecutor.java:125)
at org.openqa.selenium.remote.service.DriverCommandExecutor.execute(DriverCommandExecutor.java:83)
at org.openqa.selenium.remote.RemoteWebDriver.execute(RemoteWebDriver.java:552)
at org.openqa.selenium.remote.RemoteWebDriver.findElement(RemoteWebDriver.java:323)
at org.openqa.selenium.remote.RemoteWebDriver.findElementByCssSelector(RemoteWebDriver.java:420)
at org.openqa.selenium.By$ByCssSelector.findElement(By.java:431)
at org.openqa.selenium.remote.RemoteWebDriver.findElement(RemoteWebDriver.java:315)
at com.guru.qa.pages.HomePage.clickOnDepositLink(HomePage.java:123)
at com.guru.qa.testcases.HomePageTest.clickOnDepositPageTest(HomePageTest.java:117)
at java.base/jdk.internal.reflect.NativeMethodAccessorImpl.invoke0(Native Method)
at java.base/jdk.internal.reflect.NativeMethodAccessorImpl.invoke(NativeMethodAccessorImpl.java:62)
at java.base/jdk.internal.reflect.DelegatingMethodAccessorImpl.invoke(DelegatingMethodAccessorImpl.java:43)
at java.base/java.lang.reflect.Method.invoke(Method.java:564)
at org.testng.internal.MethodInvocationHelper.invokeMethod(MethodInvocationHelper.java:134)
at org.testng.internal.TestInvoker.invokeMethod(TestInvoker.java:597)
at org.testng.internal.TestInvoker.invokeTestMethod(TestInvoker.java:173)
at org.testng.internal.MethodRunner.runInSequence(MethodRunner.java:46)
at org.testng.internal.TestInvoker$MethodInvocationAgent.invoke(TestInvoker.java:816)
at org.testng.internal.TestInvoker.invokeTestMethods(TestInvoker.java:146)
at org.testng.internal.TestMethodWorker.invokeTestMethods(TestMethodWorker.java:146)
at org.testng.internal.TestMethodWorker.run(TestMethodWorker.java:128)
at java.base/java.util.ArrayList.forEach(ArrayList.java:1510)
at org.testng.TestRunner.privateRun(TestRunner.java:766)
at org.testng.TestRunner.run(TestRunner.java:587)
at org.testng.SuiteRunner.runTest(SuiteRunner.java:384)
at org.testng.SuiteRunner.runSequentially(SuiteRunner.java:378)
at org.testng.SuiteRunner.privateRun(SuiteRunner.java:337)
at org.testng.SuiteRunner.run(SuiteRunner.java:286)
at org.testng.SuiteRunnerWorker.runSuite(SuiteRunnerWorker.java:53)
at org.testng.SuiteRunnerWorker.run(SuiteRunnerWorker.java:96)
at org.testng.TestNG.runSuitesSequentially(TestNG.java:1187)
at org.testng.TestNG.runSuitesLocally(TestNG.java:1109)
at org.testng.TestNG.runSuites(TestNG.java:1039)
at org.testng.TestNG.run(TestNG.java:1007)
at com.guru.qa.testcases.TestRunner.main(TestRunner.java:14)
]]>
    </error>
  </testcase> <!-- clickOnDepositPageTest -->
  <system-out/>
</testsuite> <!-- com.guru.qa.testcases.HomePageTest -->
