<?xml version="1.0" encoding="UTF-8"?>
<!-- Generated by org.testng.reporters.JUnitReportReporter -->
<testsuite hostname="DESKTOP-1QASA0A" failures="0" tests="2" name="com.guru.qa.testcases.CommonFunctionUsageTest" time="61.020" errors="0" timestamp="24 Aug 2020 11:59:41 GMT" skipped="0">
  <testcase classname="com.guru.qa.testcases.CommonFunctionUsageTest" name="verifyAlertHandling" time="19.982"/>
  <testcase classname="com.guru.qa.testcases.CommonFunctionUsageTest" name="verifyWindowsHandlingAndDatePicker" time="41.038"/>
</testsuite> <!-- com.guru.qa.testcases.CommonFunctionUsageTest -->
