<?xml version="1.0" encoding="UTF-8"?>
<!-- Generated by org.testng.reporters.JUnitReportReporter -->
<testsuite hostname="DESKTOP-1QASA0A" failures="0" tests="4" name="com.guru.qa.testcases.LoginPageTest" time="79.606" errors="0" timestamp="2020-04-22T18:06:58 IST" skipped="0">
  <testcase classname="com.guru.qa.testcases.LoginPageTest" name="loginPageTitleTest" time="17.851"/>
  <system-out/>
  <testcase classname="com.guru.qa.testcases.LoginPageTest" name="loginPageLogoTest" time="20.964"/>
  <system-out/>
  <testcase classname="com.guru.qa.testcases.LoginPageTest" name="loginPageLabelTest" time="17.732"/>
  <system-out/>
  <testcase classname="com.guru.qa.testcases.LoginPageTest" name="loginTest" time="23.059"/>
  <system-out/>
</testsuite> <!-- com.guru.qa.testcases.LoginPageTest -->
