<?xml version="1.0" encoding="UTF-8"?>
<!-- Generated by org.testng.reporters.JUnitReportReporter -->
<testsuite hostname="DESKTOP-1QASA0A" failures="0" tests="13" name="com.guru.qa.testcases.HomePageTest" time="66.764" errors="1" timestamp="2020-04-22T18:52:01 IST" skipped="12">
  <testcase classname="com.guru.qa.testcases.HomePageTest" name="setUp" time="66.763">
    <error message="no such element: Unable to locate element: {&quot;method&quot;:&quot;css selector&quot;,&quot;selector&quot;:&quot;*[name=&#039;uid&#039;]&quot;}
  (Session info: chrome=81.0.4044.122)
For documentation on this error, please visit: https://www.seleniumhq.org/exceptions/no_such_element.html
Build info: version: &#039;3.141.59&#039;, revision: &#039;e82be7d358&#039;, time: &#039;2018-11-14T08:17:03&#039;
System info: host: &#039;DESKTOP-1QASA0A&#039;, ip: &#039;192.168.1.129&#039;, os.name: &#039;Windows 10&#039;, os.arch: &#039;amd64&#039;, os.version: &#039;10.0&#039;, java.version: &#039;14&#039;
Driver info: org.openqa.selenium.chrome.ChromeDriver
Capabilities {acceptInsecureCerts: false, browserName: chrome, browserVersion: 81.0.4044.122, chrome: {chromedriverVersion: 80.0.3987.106 (f68069574609..., userDataDir: C:\Users\Ravindra\AppData\L...}, goog:chromeOptions: {debuggerAddress: localhost:57952}, javascriptEnabled: true, networkConnectionEnabled: false, pageLoadStrategy: normal, platform: WINDOWS, platformName: WINDOWS, proxy: Proxy(), setWindowRect: true, strictFileInteractability: false, timeouts: {implicit: 0, pageLoad: 300000, script: 30000}, unhandledPromptBehavior: dismiss and notify}
Session ID: 33797ad7168c8c65996cc0cc8a18143a
*** Element info: {Using=name, value=uid}" type="org.openqa.selenium.NoSuchElementException">
      <![CDATA[org.openqa.selenium.NoSuchElementException: no such element: Unable to locate element: {"method":"css selector","selector":"*[name='uid']"}
  (Session info: chrome=81.0.4044.122)
For documentation on this error, please visit: https://www.seleniumhq.org/exceptions/no_such_element.html
Build info: version: '3.141.59', revision: 'e82be7d358', time: '2018-11-14T08:17:03'
System info: host: 'DESKTOP-1QASA0A', ip: '192.168.1.129', os.name: 'Windows 10', os.arch: 'amd64', os.version: '10.0', java.version: '14'
Driver info: org.openqa.selenium.chrome.ChromeDriver
Capabilities {acceptInsecureCerts: false, browserName: chrome, browserVersion: 81.0.4044.122, chrome: {chromedriverVersion: 80.0.3987.106 (f68069574609..., userDataDir: C:\Users\Ravindra\AppData\L...}, goog:chromeOptions: {debuggerAddress: localhost:57952}, javascriptEnabled: true, networkConnectionEnabled: false, pageLoadStrategy: normal, platform: WINDOWS, platformName: WINDOWS, proxy: Proxy(), setWindowRect: true, strictFileInteractability: false, timeouts: {implicit: 0, pageLoad: 300000, script: 30000}, unhandledPromptBehavior: dismiss and notify}
Session ID: 33797ad7168c8c65996cc0cc8a18143a
*** Element info: {Using=name, value=uid}
at java.base/jdk.internal.reflect.NativeConstructorAccessorImpl.newInstance0(Native Method)
at java.base/jdk.internal.reflect.NativeConstructorAccessorImpl.newInstance(NativeConstructorAccessorImpl.java:62)
at java.base/jdk.internal.reflect.DelegatingConstructorAccessorImpl.newInstance(DelegatingConstructorAccessorImpl.java:45)
at java.base/java.lang.reflect.Constructor.newInstanceWithCaller(Constructor.java:500)
at java.base/java.lang.reflect.Constructor.newInstance(Constructor.java:481)
at org.openqa.selenium.remote.http.W3CHttpResponseCodec.createException(W3CHttpResponseCodec.java:187)
at org.openqa.selenium.remote.http.W3CHttpResponseCodec.decode(W3CHttpResponseCodec.java:122)
at org.openqa.selenium.remote.http.W3CHttpResponseCodec.decode(W3CHttpResponseCodec.java:49)
at org.openqa.selenium.remote.HttpCommandExecutor.execute(HttpCommandExecutor.java:158)
at org.openqa.selenium.remote.service.DriverCommandExecutor.execute(DriverCommandExecutor.java:83)
at org.openqa.selenium.remote.RemoteWebDriver.execute(RemoteWebDriver.java:552)
at org.openqa.selenium.remote.RemoteWebDriver.findElement(RemoteWebDriver.java:323)
at org.openqa.selenium.remote.RemoteWebDriver.findElementByName(RemoteWebDriver.java:404)
at org.openqa.selenium.By$ByName.findElement(By.java:284)
at org.openqa.selenium.remote.RemoteWebDriver.findElement(RemoteWebDriver.java:315)
at org.openqa.selenium.support.pagefactory.DefaultElementLocator.findElement(DefaultElementLocator.java:69)
at org.openqa.selenium.support.pagefactory.internal.LocatingElementHandler.invoke(LocatingElementHandler.java:38)
at com.sun.proxy.$Proxy12.sendKeys(Unknown Source)
at com.guru.qa.pages.LoginPage.validateLogin(LoginPage.java:49)
at com.guru.qa.testcases.HomePageTest.setUp(HomePageTest.java:36)
at java.base/jdk.internal.reflect.NativeMethodAccessorImpl.invoke0(Native Method)
at java.base/jdk.internal.reflect.NativeMethodAccessorImpl.invoke(NativeMethodAccessorImpl.java:62)
at java.base/jdk.internal.reflect.DelegatingMethodAccessorImpl.invoke(DelegatingMethodAccessorImpl.java:43)
at java.base/java.lang.reflect.Method.invoke(Method.java:564)
at org.testng.internal.MethodInvocationHelper.invokeMethod(MethodInvocationHelper.java:134)
at org.testng.internal.MethodInvocationHelper.invokeMethodConsideringTimeout(MethodInvocationHelper.java:63)
at org.testng.internal.ConfigInvoker.invokeConfigurationMethod(ConfigInvoker.java:348)
at org.testng.internal.ConfigInvoker.invokeConfigurations(ConfigInvoker.java:302)
at org.testng.TestRunner.invokeTestConfigurations(TestRunner.java:619)
at org.testng.TestRunner.beforeRun(TestRunner.java:609)
at org.testng.TestRunner.run(TestRunner.java:580)
at org.testng.SuiteRunner.runTest(SuiteRunner.java:384)
at org.testng.SuiteRunner.runSequentially(SuiteRunner.java:378)
at org.testng.SuiteRunner.privateRun(SuiteRunner.java:337)
at org.testng.SuiteRunner.run(SuiteRunner.java:286)
at org.testng.SuiteRunnerWorker.runSuite(SuiteRunnerWorker.java:53)
at org.testng.SuiteRunnerWorker.run(SuiteRunnerWorker.java:96)
at org.testng.TestNG.runSuitesSequentially(TestNG.java:1187)
at org.testng.TestNG.runSuitesLocally(TestNG.java:1109)
at org.testng.TestNG.runSuites(TestNG.java:1039)
at org.testng.TestNG.run(TestNG.java:1007)
at org.testng.remote.AbstractRemoteTestNG.run(AbstractRemoteTestNG.java:115)
at org.testng.remote.RemoteTestNG.initAndRun(RemoteTestNG.java:251)
at org.testng.remote.RemoteTestNG.main(RemoteTestNG.java:77)
]]>
    </error>
  </testcase> <!-- setUp -->
  <system-out/>
  <testcase classname="com.guru.qa.testcases.HomePageTest" name="validateSeleniumBtnTest" time="0.000">
    <skipped/>
  </testcase> <!-- validateSeleniumBtnTest -->
  <system-out/>
  <testcase classname="com.guru.qa.testcases.HomePageTest" name="validateInsPrjBtnTest" time="0.000">
    <skipped/>
  </testcase> <!-- validateInsPrjBtnTest -->
  <system-out/>
  <testcase classname="com.guru.qa.testcases.HomePageTest" name="validateAgilePrjBtnTest" time="0.000">
    <skipped/>
  </testcase> <!-- validateAgilePrjBtnTest -->
  <system-out/>
  <testcase classname="com.guru.qa.testcases.HomePageTest" name="validateBankPrjBtnTest" time="0.000">
    <skipped/>
  </testcase> <!-- validateBankPrjBtnTest -->
  <system-out/>
  <testcase classname="com.guru.qa.testcases.HomePageTest" name="validateSecPrjBtnTest" time="0.000">
    <skipped/>
  </testcase> <!-- validateSecPrjBtnTest -->
  <system-out/>
  <testcase classname="com.guru.qa.testcases.HomePageTest" name="validateTcomPrjBtnTest" time="0.000">
    <skipped/>
  </testcase> <!-- validateTcomPrjBtnTest -->
  <system-out/>
  <testcase classname="com.guru.qa.testcases.HomePageTest" name="validatePayGatPrjBtnTest" time="0.000">
    <skipped/>
  </testcase> <!-- validatePayGatPrjBtnTest -->
  <system-out/>
  <testcase classname="com.guru.qa.testcases.HomePageTest" name="validateNewToursPrjBtnTest" time="0.000">
    <skipped/>
  </testcase> <!-- validateNewToursPrjBtnTest -->
  <system-out/>
  <testcase classname="com.guru.qa.testcases.HomePageTest" name="validateSEOBtnTest" time="0.000">
    <skipped/>
  </testcase> <!-- validateSEOBtnTest -->
  <system-out/>
  <testcase classname="com.guru.qa.testcases.HomePageTest" name="clickOnNewCustomerLinkTest" time="0.000">
    <skipped/>
  </testcase> <!-- clickOnNewCustomerLinkTest -->
  <system-out/>
  <testcase classname="com.guru.qa.testcases.HomePageTest" name="clickOnNewAccountPageTest" time="0.000">
    <skipped/>
  </testcase> <!-- clickOnNewAccountPageTest -->
  <system-out/>
  <testcase classname="com.guru.qa.testcases.HomePageTest" name="clickOnDepositPageTest" time="0.001">
    <skipped/>
  </testcase> <!-- clickOnDepositPageTest -->
  <system-out/>
</testsuite> <!-- com.guru.qa.testcases.HomePageTest -->
