<?xml version="1.0" encoding="UTF-8"?>
<!-- Generated by org.testng.reporters.JUnitReportReporter -->
<testsuite hostname="DESKTOP-1QASA0A" failures="0" tests="4" name="com.guru.qa.testcases.NewCustomerPageTest" time="161.183" errors="0" timestamp="2020-04-24T16:47:40 IST" skipped="0">
  <testcase classname="com.guru.qa.testcases.NewCustomerPageTest" name="validateNewCustomerTestData" time="44.871"/>
  <system-out/>
  <testcase classname="com.guru.qa.testcases.NewCustomerPageTest" name="validateNewCustomerTestData" time="37.376"/>
  <system-out/>
  <testcase classname="com.guru.qa.testcases.NewCustomerPageTest" name="validateNewCustomerTestData" time="38.846"/>
  <system-out/>
  <testcase classname="com.guru.qa.testcases.NewCustomerPageTest" name="validateNewCustomerTestData" time="40.090"/>
  <system-out/>
</testsuite> <!-- com.guru.qa.testcases.NewCustomerPageTest -->
